---------- Date: 2015-05-21 08:49:04 ~ IP : 127.0.0.1 ----------
REQUEST URI : /
VQMod::_getMods - NO XML FILES READABLE IN XML FOLDER
----------------------------------------------------------------------


---------- Date: 2015-05-21 08:49:08 ~ IP : 127.0.0.1 ----------
REQUEST URI : /
VQMod::_getMods - NO XML FILES READABLE IN XML FOLDER
----------------------------------------------------------------------


---------- Date: 2015-05-21 08:52:15 ~ IP : 127.0.0.1 ----------
REQUEST URI : /admin/
VQMod::_getMods - NO XML FILES READABLE IN XML FOLDER
----------------------------------------------------------------------


---------- Date: 2015-05-21 08:52:20 ~ IP : 127.0.0.1 ----------
REQUEST URI : /admin/index.php?route=common/login
VQMod::_getMods - NO XML FILES READABLE IN XML FOLDER
----------------------------------------------------------------------


---------- Date: 2015-05-21 08:52:21 ~ IP : 127.0.0.1 ----------
REQUEST URI : /admin/index.php?route=common/dashboard&token=247c31fa145e805cebbfe528463feaac
VQMod::_getMods - NO XML FILES READABLE IN XML FOLDER
----------------------------------------------------------------------


---------- Date: 2015-05-21 08:52:21 ~ IP : 127.0.0.1 ----------
REQUEST URI : /admin/index.php?route=dashboard/chart/chart&token=247c31fa145e805cebbfe528463feaac&range=month
VQMod::_getMods - NO XML FILES READABLE IN XML FOLDER
----------------------------------------------------------------------


---------- Date: 2015-05-21 08:52:21 ~ IP : 127.0.0.1 ----------
REQUEST URI : /admin/index.php?route=dashboard/map/map&token=247c31fa145e805cebbfe528463feaac
VQMod::_getMods - NO XML FILES READABLE IN XML FOLDER
----------------------------------------------------------------------


